total 6140
-rwxrwxrwx 1 medialab medialab 132092 May 14 15:58 0f82acc5-c8e8-4a54-9591-58f01e016f291006.968.png
-rwxrwxrwx 1 medialab medialab 295909 May 14 15:58 0f82acc5-c8e8-4a54-9591-58f01e016f291954.978.png
-rwxrwxrwx 1 medialab medialab 288822 May 14 15:58 0f82acc5-c8e8-4a54-9591-58f01e016f291957.978.png
-rwxrwxrwx 1 medialab medialab 417560 May 14 15:58 0f82acc5-c8e8-4a54-9591-58f01e016f292309.878.png
-rwxrwxrwx 1 medialab medialab 199991 May 14 15:58 0f82acc5-c8e8-4a54-9591-58f01e016f292385.424.png
-rwxrwxrwx 1 medialab medialab 159069 May 14 15:58 0f82acc5-c8e8-4a54-9591-58f01e016f292489.652.png
-rwxrwxrwx 1 medialab medialab 242877 May 14 15:58 0f82acc5-c8e8-4a54-9591-58f01e016f292695.21.png
-rwxrwxrwx 1 medialab medialab 228232 May 14 15:58 0f82acc5-c8e8-4a54-9591-58f01e016f29498.181.png
-rwxrwxrwx 1 medialab medialab 232710 May 14 15:58 0f82acc5-c8e8-4a54-9591-58f01e016f29706.821.png
-rwxrwxrwx 1 medialab medialab 282208 May 14 15:58 0f82acc5-c8e8-4a54-9591-58f01e016f29742.4.png
-rwxrwxrwx 1 www-data www-data 138690 May 14 16:06 1b421dfe-d811-4b62-ba4e-5e2d780ca903148.018.png
-rw-r--r-- 1 www-data www-data 144914 May 18 17:51 1b421dfe-d811-4b62-ba4e-5e2d780ca90345.713.png
-rwxrwxrwx 1 medialab medialab  31847 May 13 18:09 1b421dfe-d811-4b62-ba4e-5e2d780ca90392.815.jpeg
-rwxrwxrwx 1 medialab medialab 247674 May 14 15:58 877ebf32-3fa4-4a14-9cb9-14b05243513c1253.31555175781.png
-rwxrwxrwx 1 medialab medialab 218540 May 14 15:58 877ebf32-3fa4-4a14-9cb9-14b05243513c1420.22985839844.png
-rwxrwxrwx 1 medialab medialab 188833 May 14 15:58 877ebf32-3fa4-4a14-9cb9-14b05243513c1596.78442382812.png
-rwxrwxrwx 1 medialab medialab 195795 May 14 15:58 877ebf32-3fa4-4a14-9cb9-14b05243513c1711.4599609375.png
-rwxrwxrwx 1 medialab medialab 244732 May 14 15:58 877ebf32-3fa4-4a14-9cb9-14b05243513c472.563262939453.png
-rwxrwxrwx 1 medialab medialab 248678 May 14 15:58 877ebf32-3fa4-4a14-9cb9-14b05243513c574.971130371094.png
-rwxrwxrwx 1 medialab medialab 276690 May 14 15:58 877ebf32-3fa4-4a14-9cb9-14b05243513c633.783081054688.png
-rwxrwxrwx 1 medialab medialab 270287 May 14 15:58 877ebf32-3fa4-4a14-9cb9-14b05243513c738.109069824219.png
-rw-r--r-- 1 www-data www-data  29577 May 17 18:35 a53507ab-f633-4bdb-8408-693aa226ee2c54.328.png
-rwxrwxrwx 1 medialab medialab   1003 May 14 15:58 add.png
-rwxrwxrwx 1 medialab medialab    491 May 14 15:58 anno.png
-rwxrwxrwx 1 medialab medialab   1015 May 14 15:58 Delete.png
-rwxrwxrwx 1 medialab medialab   1384 May 14 15:58 details.png
-rwxrwxrwx 1 medialab medialab   1255 May 14 15:58 edit.png
-rwxrwxrwx 1 medialab medialab  46686 May 14 15:58 IIT-Rajasthan_thumb.png
-rwxrwxrwx 1 medialab medialab    566 May 14 15:58 ocr.png
-rw-rw-r-- 1 medialab medialab      0 May 18 17:57 output.log
-rwxrwxrwx 1 medialab medialab 289210 May 14 15:58 Screen Shot 2013-04-12 at 11.28.02 AM.png
-rwxrwxrwx 1 medialab medialab 305729 May 14 15:58 Screen Shot 2013-04-12 at 9.56.15 AM.png
-rwxrwxrwx 1 medialab medialab 307986 May 14 15:58 Screen Shot 2013-04-12 at 9.56.29 AM.png
-rwxrwxrwx 1 medialab medialab    252 May 14 15:58 trans.png
-rwxrwxrwx 1 medialab medialab 235884 May 14 15:58 Turing Test.png
-rwxrwxrwx 1 medialab medialab 309904 May 14 15:58 What can AI system do ?.png
